This file contains any messages produced by compilers while
running configure, to aid debugging if configure makes a mistake.

It was created by sipcalc configure 1.1.7, which was
generated by GNU Autoconf 2.69.  Invocation command line was

  $ ./configure --prefix=/usr/local/sipcalc

## --------- ##
## Platform. ##
## --------- ##

hostname = thranduil
uname -m = x86_64
uname -r = 4.4.0-93-generic
uname -s = Linux
uname -v = #116~14.04.1-Ubuntu SMP Mon Aug 14 16:07:05 UTC 2017

/usr/bin/uname -p = unknown
/bin/uname -X     = unknown

/bin/arch              = unknown
/usr/bin/arch -k       = unknown
/usr/convex/getsysinfo = unknown
/usr/bin/hostinfo      = unknown
/bin/machine           = unknown
/usr/bin/oslevel       = unknown
/bin/universe          = unknown

PATH: /home/ulf/bin
PATH: /usr/local/sbin
PATH: /usr/local/bin
PATH: /usr/sbin
PATH: /usr/bin
PATH: /sbin
PATH: /bin
PATH: /usr/games
PATH: /usr/local/games


## ----------- ##
## Core tests. ##
## ----------- ##

configure:2394: checking build system type
configure:2408: result: x86_64-unknown-linux-gnu
configure:2428: checking host system type
configure:2441: result: x86_64-unknown-linux-gnu
configure:2482: checking how to print strings
configure:2509: result: printf
configure:2581: checking for gcc
configure:2597: found /usr/bin/gcc
configure:2608: result: gcc
configure:2837: checking for C compiler version
configure:2846: gcc --version >&5
gcc (Ubuntu 4.8.4-2ubuntu1~14.04.3) 4.8.4
Copyright (C) 2013 Free Software Foundation, Inc.
This is free software; see the source for copying conditions.  There is NO
warranty; not even for MERCHANTABILITY or FITNESS FOR A PARTICULAR PURPOSE.

configure:2857: $? = 0
configure:2846: gcc -v >&5
Using built-in specs.
COLLECT_GCC=gcc
COLLECT_LTO_WRAPPER=/usr/lib/gcc/x86_64-linux-gnu/4.8/lto-wrapper
Target: x86_64-linux-gnu
Configured with: ../src/configure -v --with-pkgversion='Ubuntu 4.8.4-2ubuntu1~14.04.3' --with-bugurl=file:///usr/share/doc/gcc-4.8/README.Bugs --enable-languages=c,c++,java,go,d,fortran,objc,obj-c++ --prefix=/usr --program-suffix=-4.8 --enable-shared --enable-linker-build-id --libexecdir=/usr/lib --without-included-gettext --enable-threads=posix --with-gxx-include-dir=/usr/include/c++/4.8 --libdir=/usr/lib --enable-nls --with-sysroot=/ --enable-clocale=gnu --enable-libstdcxx-debug --enable-libstdcxx-time=yes --enable-gnu-unique-object --disable-libmudflap --enable-plugin --with-system-zlib --disable-browser-plugin --enable-java-awt=gtk --enable-gtk-cairo --with-java-home=/usr/lib/jvm/java-1.5.0-gcj-4.8-amd64/jre --enable-java-home --with-jvm-root-dir=/usr/lib/jvm/java-1.5.0-gcj-4.8-amd64 --with-jvm-jar-dir=/usr/lib/jvm-exports/java-1.5.0-gcj-4.8-amd64 --with-arch-directory=amd64 --with-ecj-jar=/usr/share/java/eclipse-ecj.jar --enable-objc-gc --enable-multiarch --disable-werror --with-arch-32=i686 --with-abi=m64 --with-multilib-list=m32,m64,mx32 --with-tune=generic --enable-checking=release --build=x86_64-linux-gnu --host=x86_64-linux-gnu --target=x86_64-linux-gnu
Thread model: posix
gcc version 4.8.4 (Ubuntu 4.8.4-2ubuntu1~14.04.3) 
configure:2857: $? = 0
configure:2846: gcc -V >&5
gcc: error: unrecognized command line option '-V'
gcc: fatal error: no input files
compilation terminated.
configure:2857: $? = 4
configure:2846: gcc -qversion >&5
gcc: error: unrecognized command line option '-qversion'
gcc: fatal error: no input files
compilation terminated.
configure:2857: $? = 4
configure:2877: checking whether the C compiler works
configure:2899: gcc    conftest.c  >&5
configure:2903: $? = 0
configure:2951: result: yes
configure:2954: checking for C compiler default output file name
configure:2956: result: a.out
configure:2962: checking for suffix of executables
configure:2969: gcc -o conftest    conftest.c  >&5
configure:2973: $? = 0
configure:2995: result: 
configure:3017: checking whether we are cross compiling
configure:3025: gcc -o conftest    conftest.c  >&5
configure:3029: $? = 0
configure:3036: ./conftest
configure:3040: $? = 0
configure:3055: result: no
configure:3060: checking for suffix of object files
configure:3082: gcc -c   conftest.c >&5
configure:3086: $? = 0
configure:3107: result: o
configure:3111: checking whether we are using the GNU C compiler
configure:3130: gcc -c   conftest.c >&5
configure:3130: $? = 0
configure:3139: result: yes
configure:3148: checking whether gcc accepts -g
configure:3168: gcc -c -g  conftest.c >&5
configure:3168: $? = 0
configure:3209: result: yes
configure:3226: checking for gcc option to accept ISO C89
configure:3289: gcc  -c -g -O2  conftest.c >&5
configure:3289: $? = 0
configure:3302: result: none needed
configure:3327: checking whether gcc understands -c and -o together
configure:3349: gcc -c conftest.c -o conftest2.o
configure:3352: $? = 0
configure:3349: gcc -c conftest.c -o conftest2.o
configure:3352: $? = 0
configure:3364: result: yes
configure:3381: checking for a sed that does not truncate output
configure:3445: result: /bin/sed
configure:3463: checking for grep that handles long lines and -e
configure:3521: result: /bin/grep
configure:3526: checking for egrep
configure:3588: result: /bin/grep -E
configure:3593: checking for fgrep
configure:3655: result: /bin/grep -F
configure:3690: checking for ld used by gcc
configure:3757: result: /usr/bin/ld
configure:3764: checking if the linker (/usr/bin/ld) is GNU ld
configure:3779: result: yes
configure:3791: checking for BSD- or MS-compatible name lister (nm)
configure:3840: result: /usr/bin/nm -B
configure:3970: checking the name lister (/usr/bin/nm -B) interface
configure:3977: gcc -c -g -O2  conftest.c >&5
configure:3980: /usr/bin/nm -B "conftest.o"
configure:3983: output
0000000000000000 B some_variable
configure:3990: result: BSD nm
configure:3993: checking whether ln -s works
configure:3997: result: yes
configure:4005: checking the maximum length of command line arguments
configure:4136: result: 1572864
configure:4153: checking whether the shell understands some XSI constructs
configure:4163: result: yes
configure:4167: checking whether the shell understands "+="
configure:4173: result: yes
configure:4208: checking how to convert x86_64-unknown-linux-gnu file names to x86_64-unknown-linux-gnu format
configure:4248: result: func_convert_file_noop
configure:4255: checking how to convert x86_64-unknown-linux-gnu file names to toolchain format
configure:4275: result: func_convert_file_noop
configure:4282: checking for /usr/bin/ld option to reload object files
configure:4289: result: -r
configure:4363: checking for objdump
configure:4379: found /usr/bin/objdump
configure:4390: result: objdump
configure:4422: checking how to recognize dependent libraries
configure:4620: result: pass_all
configure:4705: checking for dlltool
configure:4735: result: no
configure:4765: checking how to associate runtime and link libraries
configure:4792: result: printf %s\n
configure:4853: checking for ar
configure:4869: found /usr/bin/ar
configure:4880: result: ar
configure:4917: checking for archiver @FILE support
configure:4934: gcc -c -g -O2  conftest.c >&5
configure:4934: $? = 0
configure:4937: ar cru libconftest.a @conftest.lst >&5
configure:4940: $? = 0
configure:4945: ar cru libconftest.a @conftest.lst >&5
ar: conftest.o: No such file or directory
configure:4948: $? = 1
configure:4960: result: @
configure:5018: checking for strip
configure:5034: found /usr/bin/strip
configure:5045: result: strip
configure:5117: checking for ranlib
configure:5133: found /usr/bin/ranlib
configure:5144: result: ranlib
configure:5221: checking for gawk
configure:5237: found /usr/bin/gawk
configure:5248: result: gawk
configure:5288: checking command to parse /usr/bin/nm -B output from gcc object
configure:5408: gcc -c -g -O2  conftest.c >&5
configure:5411: $? = 0
configure:5415: /usr/bin/nm -B conftest.o \| sed -n -e 's/^.*[ ]\([ABCDGIRSTW][ABCDGIRSTW]*\)[ ][ ]*\([_A-Za-z][_A-Za-z0-9]*\)$/\1 \2 \2/p' | sed '/ __gnu_lto/d' \> conftest.nm
configure:5418: $? = 0
configure:5484: gcc -o conftest -g -O2   conftest.c conftstm.o >&5
configure:5487: $? = 0
configure:5525: result: ok
configure:5562: checking for sysroot
configure:5592: result: no
configure:5669: gcc -c -g -O2  conftest.c >&5
configure:5672: $? = 0
configure:5861: checking for mt
configure:5877: found /bin/mt
configure:5888: result: mt
configure:5911: checking if mt is a manifest tool
configure:5917: mt '-?'
configure:5925: result: no
configure:6567: checking how to run the C preprocessor
configure:6598: gcc -E  conftest.c
configure:6598: $? = 0
configure:6612: gcc -E  conftest.c
conftest.c:9:28: fatal error: ac_nonexistent.h: No such file or directory
 #include <ac_nonexistent.h>
                            ^
compilation terminated.
configure:6612: $? = 1
configure: failed program was:
| /* confdefs.h */
| #define PACKAGE_NAME "sipcalc"
| #define PACKAGE_TARNAME "sipcalc-1.1.7"
| #define PACKAGE_VERSION "1.1.7"
| #define PACKAGE_STRING "sipcalc 1.1.7"
| #define PACKAGE_BUGREPORT "simon@routemeister.net"
| #define PACKAGE_URL "http://www.routemeister.net/projects/sipcalc/"
| /* end confdefs.h.  */
| #include <ac_nonexistent.h>
configure:6637: result: gcc -E
configure:6657: gcc -E  conftest.c
configure:6657: $? = 0
configure:6671: gcc -E  conftest.c
conftest.c:9:28: fatal error: ac_nonexistent.h: No such file or directory
 #include <ac_nonexistent.h>
                            ^
compilation terminated.
configure:6671: $? = 1
configure: failed program was:
| /* confdefs.h */
| #define PACKAGE_NAME "sipcalc"
| #define PACKAGE_TARNAME "sipcalc-1.1.7"
| #define PACKAGE_VERSION "1.1.7"
| #define PACKAGE_STRING "sipcalc 1.1.7"
| #define PACKAGE_BUGREPORT "simon@routemeister.net"
| #define PACKAGE_URL "http://www.routemeister.net/projects/sipcalc/"
| /* end confdefs.h.  */
| #include <ac_nonexistent.h>
configure:6700: checking for ANSI C header files
configure:6720: gcc -c -g -O2  conftest.c >&5
configure:6720: $? = 0
configure:6793: gcc -o conftest -g -O2   conftest.c  >&5
configure:6793: $? = 0
configure:6793: ./conftest
configure:6793: $? = 0
configure:6804: result: yes
configure:6817: checking for sys/types.h
configure:6817: gcc -c -g -O2  conftest.c >&5
configure:6817: $? = 0
configure:6817: result: yes
configure:6817: checking for sys/stat.h
configure:6817: gcc -c -g -O2  conftest.c >&5
configure:6817: $? = 0
configure:6817: result: yes
configure:6817: checking for stdlib.h
configure:6817: gcc -c -g -O2  conftest.c >&5
configure:6817: $? = 0
configure:6817: result: yes
configure:6817: checking for string.h
configure:6817: gcc -c -g -O2  conftest.c >&5
configure:6817: $? = 0
configure:6817: result: yes
configure:6817: checking for memory.h
configure:6817: gcc -c -g -O2  conftest.c >&5
configure:6817: $? = 0
configure:6817: result: yes
configure:6817: checking for strings.h
configure:6817: gcc -c -g -O2  conftest.c >&5
configure:6817: $? = 0
configure:6817: result: yes
configure:6817: checking for inttypes.h
configure:6817: gcc -c -g -O2  conftest.c >&5
configure:6817: $? = 0
configure:6817: result: yes
configure:6817: checking for stdint.h
configure:6817: gcc -c -g -O2  conftest.c >&5
configure:6817: $? = 0
configure:6817: result: yes
configure:6817: checking for unistd.h
configure:6817: gcc -c -g -O2  conftest.c >&5
configure:6817: $? = 0
configure:6817: result: yes
configure:6831: checking for dlfcn.h
configure:6831: gcc -c -g -O2  conftest.c >&5
configure:6831: $? = 0
configure:6831: result: yes
configure:7037: checking for objdir
configure:7052: result: .libs
configure:7323: checking if gcc supports -fno-rtti -fno-exceptions
configure:7341: gcc -c -g -O2  -fno-rtti -fno-exceptions conftest.c >&5
cc1: warning: command line option '-fno-rtti' is valid for C++/ObjC++ but not for C [enabled by default]
configure:7345: $? = 0
configure:7358: result: no
configure:7685: checking for gcc option to produce PIC
configure:7692: result: -fPIC -DPIC
configure:7700: checking if gcc PIC flag -fPIC -DPIC works
configure:7718: gcc -c -g -O2  -fPIC -DPIC -DPIC conftest.c >&5
configure:7722: $? = 0
configure:7735: result: yes
configure:7764: checking if gcc static flag -static works
configure:7792: result: yes
configure:7807: checking if gcc supports -c -o file.o
configure:7828: gcc -c -g -O2  -o out/conftest2.o conftest.c >&5
configure:7832: $? = 0
configure:7854: result: yes
configure:7862: checking if gcc supports -c -o file.o
configure:7909: result: yes
configure:7942: checking whether the gcc linker (/usr/bin/ld -m elf_x86_64) supports shared libraries
configure:9099: result: yes
configure:9136: checking whether -lc should be explicitly linked in
configure:9144: gcc -c -g -O2  conftest.c >&5
configure:9147: $? = 0
configure:9162: gcc -shared  -fPIC -DPIC conftest.o  -v -Wl,-soname -Wl,conftest -o conftest 2\>\&1 \| /bin/grep  -lc  \>/dev/null 2\>\&1
configure:9165: $? = 0
configure:9179: result: no
configure:9339: checking dynamic linker characteristics
configure:9839: gcc -o conftest -g -O2   -Wl,-rpath -Wl,/foo conftest.c  >&5
configure:9839: $? = 0
configure:10073: result: GNU/Linux ld.so
configure:10180: checking how to hardcode library paths into programs
configure:10205: result: immediate
configure:10745: checking whether stripping libraries is possible
configure:10750: result: yes
configure:10785: checking if libtool supports shared libraries
configure:10787: result: yes
configure:10790: checking whether to build shared libraries
configure:10811: result: yes
configure:10814: checking whether to build static libraries
configure:10818: result: yes
configure:10923: checking for gcc
configure:10950: result: gcc
configure:11179: checking for C compiler version
configure:11188: gcc --version >&5
gcc (Ubuntu 4.8.4-2ubuntu1~14.04.3) 4.8.4
Copyright (C) 2013 Free Software Foundation, Inc.
This is free software; see the source for copying conditions.  There is NO
warranty; not even for MERCHANTABILITY or FITNESS FOR A PARTICULAR PURPOSE.

configure:11199: $? = 0
configure:11188: gcc -v >&5
Using built-in specs.
COLLECT_GCC=gcc
COLLECT_LTO_WRAPPER=/usr/lib/gcc/x86_64-linux-gnu/4.8/lto-wrapper
Target: x86_64-linux-gnu
Configured with: ../src/configure -v --with-pkgversion='Ubuntu 4.8.4-2ubuntu1~14.04.3' --with-bugurl=file:///usr/share/doc/gcc-4.8/README.Bugs --enable-languages=c,c++,java,go,d,fortran,objc,obj-c++ --prefix=/usr --program-suffix=-4.8 --enable-shared --enable-linker-build-id --libexecdir=/usr/lib --without-included-gettext --enable-threads=posix --with-gxx-include-dir=/usr/include/c++/4.8 --libdir=/usr/lib --enable-nls --with-sysroot=/ --enable-clocale=gnu --enable-libstdcxx-debug --enable-libstdcxx-time=yes --enable-gnu-unique-object --disable-libmudflap --enable-plugin --with-system-zlib --disable-browser-plugin --enable-java-awt=gtk --enable-gtk-cairo --with-java-home=/usr/lib/jvm/java-1.5.0-gcj-4.8-amd64/jre --enable-java-home --with-jvm-root-dir=/usr/lib/jvm/java-1.5.0-gcj-4.8-amd64 --with-jvm-jar-dir=/usr/lib/jvm-exports/java-1.5.0-gcj-4.8-amd64 --with-arch-directory=amd64 --with-ecj-jar=/usr/share/java/eclipse-ecj.jar --enable-objc-gc --enable-multiarch --disable-werror --with-arch-32=i686 --with-abi=m64 --with-multilib-list=m32,m64,mx32 --with-tune=generic --enable-checking=release --build=x86_64-linux-gnu --host=x86_64-linux-gnu --target=x86_64-linux-gnu
Thread model: posix
gcc version 4.8.4 (Ubuntu 4.8.4-2ubuntu1~14.04.3) 
configure:11199: $? = 0
configure:11188: gcc -V >&5
gcc: error: unrecognized command line option '-V'
gcc: fatal error: no input files
compilation terminated.
configure:11199: $? = 4
configure:11188: gcc -qversion >&5
gcc: error: unrecognized command line option '-qversion'
gcc: fatal error: no input files
compilation terminated.
configure:11199: $? = 4
configure:11203: checking whether we are using the GNU C compiler
configure:11231: result: yes
configure:11240: checking whether gcc accepts -g
configure:11301: result: yes
configure:11318: checking for gcc option to accept ISO C89
configure:11394: result: none needed
configure:11419: checking whether gcc understands -c and -o together
configure:11456: result: yes
configure:11487: checking for a BSD-compatible install
configure:11555: result: /usr/bin/install -c
configure:11569: checking whether build environment is sane
configure:11624: result: yes
configure:11772: checking for a thread-safe mkdir -p
configure:11811: result: /bin/mkdir -p
configure:11814: checking whether make sets $(MAKE)
configure:11836: result: yes
configure:11866: checking for style of include used by make
configure:11894: result: GNU
configure:11928: checking whether make supports nested variables
configure:11945: result: yes
configure:12021: checking dependency style of gcc
configure:12132: result: gcc3
configure:12190: checking for ANSI C header files
configure:12294: result: yes
configure:12305: checking for stdint.h
configure:12305: result: yes
configure:12305: checking sys/ioctl.h usability
configure:12305: gcc -c -g -O2  conftest.c >&5
configure:12305: $? = 0
configure:12305: result: yes
configure:12305: checking sys/ioctl.h presence
configure:12305: gcc -E  conftest.c
configure:12305: $? = 0
configure:12305: result: yes
configure:12305: checking for sys/ioctl.h
configure:12305: result: yes
configure:12305: checking for unistd.h
configure:12305: result: yes
configure:12305: checking for sys/types.h
configure:12305: result: yes
configure:12305: checking sys/bitypes.h usability
configure:12305: gcc -c -g -O2  conftest.c >&5
configure:12305: $? = 0
configure:12305: result: yes
configure:12305: checking sys/bitypes.h presence
configure:12305: gcc -E  conftest.c
configure:12305: $? = 0
configure:12305: result: yes
configure:12305: checking for sys/bitypes.h
configure:12305: result: yes
configure:12305: checking sys/sockio.h usability
configure:12305: gcc -c -g -O2  conftest.c >&5
conftest.c:60:24: fatal error: sys/sockio.h: No such file or directory
 #include <sys/sockio.h>
                        ^
compilation terminated.
configure:12305: $? = 1
configure: failed program was:
| /* confdefs.h */
| #define PACKAGE_NAME "sipcalc"
| #define PACKAGE_TARNAME "sipcalc-1.1.7"
| #define PACKAGE_VERSION "1.1.7"
| #define PACKAGE_STRING "sipcalc 1.1.7"
| #define PACKAGE_BUGREPORT "simon@routemeister.net"
| #define PACKAGE_URL "http://www.routemeister.net/projects/sipcalc/"
| #define STDC_HEADERS 1
| #define HAVE_SYS_TYPES_H 1
| #define HAVE_SYS_STAT_H 1
| #define HAVE_STDLIB_H 1
| #define HAVE_STRING_H 1
| #define HAVE_MEMORY_H 1
| #define HAVE_STRINGS_H 1
| #define HAVE_INTTYPES_H 1
| #define HAVE_STDINT_H 1
| #define HAVE_UNISTD_H 1
| #define HAVE_DLFCN_H 1
| #define LT_OBJDIR ".libs/"
| #define STDC_HEADERS 1
| #define HAVE_STDINT_H 1
| #define HAVE_SYS_IOCTL_H 1
| #define HAVE_UNISTD_H 1
| #define HAVE_SYS_TYPES_H 1
| #define HAVE_SYS_BITYPES_H 1
| /* end confdefs.h.  */
| #include <stdio.h>
| #ifdef HAVE_SYS_TYPES_H
| # include <sys/types.h>
| #endif
| #ifdef HAVE_SYS_STAT_H
| # include <sys/stat.h>
| #endif
| #ifdef STDC_HEADERS
| # include <stdlib.h>
| # include <stddef.h>
| #else
| # ifdef HAVE_STDLIB_H
| #  include <stdlib.h>
| # endif
| #endif
| #ifdef HAVE_STRING_H
| # if !defined STDC_HEADERS && defined HAVE_MEMORY_H
| #  include <memory.h>
| # endif
| # include <string.h>
| #endif
| #ifdef HAVE_STRINGS_H
| # include <strings.h>
| #endif
| #ifdef HAVE_INTTYPES_H
| # include <inttypes.h>
| #endif
| #ifdef HAVE_STDINT_H
| # include <stdint.h>
| #endif
| #ifdef HAVE_UNISTD_H
| # include <unistd.h>
| #endif
| #include <sys/sockio.h>
configure:12305: result: no
configure:12305: checking sys/sockio.h presence
configure:12305: gcc -E  conftest.c
conftest.c:27:24: fatal error: sys/sockio.h: No such file or directory
 #include <sys/sockio.h>
                        ^
compilation terminated.
configure:12305: $? = 1
configure: failed program was:
| /* confdefs.h */
| #define PACKAGE_NAME "sipcalc"
| #define PACKAGE_TARNAME "sipcalc-1.1.7"
| #define PACKAGE_VERSION "1.1.7"
| #define PACKAGE_STRING "sipcalc 1.1.7"
| #define PACKAGE_BUGREPORT "simon@routemeister.net"
| #define PACKAGE_URL "http://www.routemeister.net/projects/sipcalc/"
| #define STDC_HEADERS 1
| #define HAVE_SYS_TYPES_H 1
| #define HAVE_SYS_STAT_H 1
| #define HAVE_STDLIB_H 1
| #define HAVE_STRING_H 1
| #define HAVE_MEMORY_H 1
| #define HAVE_STRINGS_H 1
| #define HAVE_INTTYPES_H 1
| #define HAVE_STDINT_H 1
| #define HAVE_UNISTD_H 1
| #define HAVE_DLFCN_H 1
| #define LT_OBJDIR ".libs/"
| #define STDC_HEADERS 1
| #define HAVE_STDINT_H 1
| #define HAVE_SYS_IOCTL_H 1
| #define HAVE_UNISTD_H 1
| #define HAVE_SYS_TYPES_H 1
| #define HAVE_SYS_BITYPES_H 1
| /* end confdefs.h.  */
| #include <sys/sockio.h>
configure:12305: result: no
configure:12305: checking for sys/sockio.h
configure:12305: result: no
configure:12305: checking netdb.h usability
configure:12305: gcc -c -g -O2  conftest.c >&5
configure:12305: $? = 0
configure:12305: result: yes
configure:12305: checking netdb.h presence
configure:12305: gcc -E  conftest.c
configure:12305: $? = 0
configure:12305: result: yes
configure:12305: checking for netdb.h
configure:12305: result: yes
configure:12305: checking ctype.h usability
configure:12305: gcc -c -g -O2  conftest.c >&5
configure:12305: $? = 0
configure:12305: result: yes
configure:12305: checking ctype.h presence
configure:12305: gcc -E  conftest.c
configure:12305: $? = 0
configure:12305: result: yes
configure:12305: checking for ctype.h
configure:12305: result: yes
configure:12316: checking whether gcc needs -traditional
configure:12350: result: no
configure:12372: checking for u_int32_t
configure:12372: gcc -c -g -O2  conftest.c >&5
configure:12372: $? = 0
configure:12372: gcc -c -g -O2  conftest.c >&5
conftest.c: In function 'main':
conftest.c:65:24: error: expected expression before ')' token
 if (sizeof ((u_int32_t)))
                        ^
configure:12372: $? = 1
configure: failed program was:
| /* confdefs.h */
| #define PACKAGE_NAME "sipcalc"
| #define PACKAGE_TARNAME "sipcalc-1.1.7"
| #define PACKAGE_VERSION "1.1.7"
| #define PACKAGE_STRING "sipcalc 1.1.7"
| #define PACKAGE_BUGREPORT "simon@routemeister.net"
| #define PACKAGE_URL "http://www.routemeister.net/projects/sipcalc/"
| #define STDC_HEADERS 1
| #define HAVE_SYS_TYPES_H 1
| #define HAVE_SYS_STAT_H 1
| #define HAVE_STDLIB_H 1
| #define HAVE_STRING_H 1
| #define HAVE_MEMORY_H 1
| #define HAVE_STRINGS_H 1
| #define HAVE_INTTYPES_H 1
| #define HAVE_STDINT_H 1
| #define HAVE_UNISTD_H 1
| #define HAVE_DLFCN_H 1
| #define LT_OBJDIR ".libs/"
| #define STDC_HEADERS 1
| #define HAVE_STDINT_H 1
| #define HAVE_SYS_IOCTL_H 1
| #define HAVE_UNISTD_H 1
| #define HAVE_SYS_TYPES_H 1
| #define HAVE_SYS_BITYPES_H 1
| #define HAVE_NETDB_H 1
| #define HAVE_CTYPE_H 1
| /* end confdefs.h.  */
| #include <stdio.h>
| #ifdef HAVE_SYS_TYPES_H
| # include <sys/types.h>
| #endif
| #ifdef HAVE_SYS_STAT_H
| # include <sys/stat.h>
| #endif
| #ifdef STDC_HEADERS
| # include <stdlib.h>
| # include <stddef.h>
| #else
| # ifdef HAVE_STDLIB_H
| #  include <stdlib.h>
| # endif
| #endif
| #ifdef HAVE_STRING_H
| # if !defined STDC_HEADERS && defined HAVE_MEMORY_H
| #  include <memory.h>
| # endif
| # include <string.h>
| #endif
| #ifdef HAVE_STRINGS_H
| # include <strings.h>
| #endif
| #ifdef HAVE_INTTYPES_H
| # include <inttypes.h>
| #endif
| #ifdef HAVE_STDINT_H
| # include <stdint.h>
| #endif
| #ifdef HAVE_UNISTD_H
| # include <unistd.h>
| #endif
| int
| main ()
| {
| if (sizeof ((u_int32_t)))
| 	    return 0;
|   ;
|   return 0;
| }
configure:12372: result: yes
configure:12378: checking for u_int16_t
configure:12378: gcc -c -g -O2  conftest.c >&5
configure:12378: $? = 0
configure:12378: gcc -c -g -O2  conftest.c >&5
conftest.c: In function 'main':
conftest.c:66:24: error: expected expression before ')' token
 if (sizeof ((u_int16_t)))
                        ^
configure:12378: $? = 1
configure: failed program was:
| /* confdefs.h */
| #define PACKAGE_NAME "sipcalc"
| #define PACKAGE_TARNAME "sipcalc-1.1.7"
| #define PACKAGE_VERSION "1.1.7"
| #define PACKAGE_STRING "sipcalc 1.1.7"
| #define PACKAGE_BUGREPORT "simon@routemeister.net"
| #define PACKAGE_URL "http://www.routemeister.net/projects/sipcalc/"
| #define STDC_HEADERS 1
| #define HAVE_SYS_TYPES_H 1
| #define HAVE_SYS_STAT_H 1
| #define HAVE_STDLIB_H 1
| #define HAVE_STRING_H 1
| #define HAVE_MEMORY_H 1
| #define HAVE_STRINGS_H 1
| #define HAVE_INTTYPES_H 1
| #define HAVE_STDINT_H 1
| #define HAVE_UNISTD_H 1
| #define HAVE_DLFCN_H 1
| #define LT_OBJDIR ".libs/"
| #define STDC_HEADERS 1
| #define HAVE_STDINT_H 1
| #define HAVE_SYS_IOCTL_H 1
| #define HAVE_UNISTD_H 1
| #define HAVE_SYS_TYPES_H 1
| #define HAVE_SYS_BITYPES_H 1
| #define HAVE_NETDB_H 1
| #define HAVE_CTYPE_H 1
| #define HAVE_U_INT32_T 1
| /* end confdefs.h.  */
| #include <stdio.h>
| #ifdef HAVE_SYS_TYPES_H
| # include <sys/types.h>
| #endif
| #ifdef HAVE_SYS_STAT_H
| # include <sys/stat.h>
| #endif
| #ifdef STDC_HEADERS
| # include <stdlib.h>
| # include <stddef.h>
| #else
| # ifdef HAVE_STDLIB_H
| #  include <stdlib.h>
| # endif
| #endif
| #ifdef HAVE_STRING_H
| # if !defined STDC_HEADERS && defined HAVE_MEMORY_H
| #  include <memory.h>
| # endif
| # include <string.h>
| #endif
| #ifdef HAVE_STRINGS_H
| # include <strings.h>
| #endif
| #ifdef HAVE_INTTYPES_H
| # include <inttypes.h>
| #endif
| #ifdef HAVE_STDINT_H
| # include <stdint.h>
| #endif
| #ifdef HAVE_UNISTD_H
| # include <unistd.h>
| #endif
| int
| main ()
| {
| if (sizeof ((u_int16_t)))
| 	    return 0;
|   ;
|   return 0;
| }
configure:12378: result: yes
configure:12384: checking for u_int8_t
configure:12384: gcc -c -g -O2  conftest.c >&5
configure:12384: $? = 0
configure:12384: gcc -c -g -O2  conftest.c >&5
conftest.c: In function 'main':
conftest.c:67:23: error: expected expression before ')' token
 if (sizeof ((u_int8_t)))
                       ^
configure:12384: $? = 1
configure: failed program was:
| /* confdefs.h */
| #define PACKAGE_NAME "sipcalc"
| #define PACKAGE_TARNAME "sipcalc-1.1.7"
| #define PACKAGE_VERSION "1.1.7"
| #define PACKAGE_STRING "sipcalc 1.1.7"
| #define PACKAGE_BUGREPORT "simon@routemeister.net"
| #define PACKAGE_URL "http://www.routemeister.net/projects/sipcalc/"
| #define STDC_HEADERS 1
| #define HAVE_SYS_TYPES_H 1
| #define HAVE_SYS_STAT_H 1
| #define HAVE_STDLIB_H 1
| #define HAVE_STRING_H 1
| #define HAVE_MEMORY_H 1
| #define HAVE_STRINGS_H 1
| #define HAVE_INTTYPES_H 1
| #define HAVE_STDINT_H 1
| #define HAVE_UNISTD_H 1
| #define HAVE_DLFCN_H 1
| #define LT_OBJDIR ".libs/"
| #define STDC_HEADERS 1
| #define HAVE_STDINT_H 1
| #define HAVE_SYS_IOCTL_H 1
| #define HAVE_UNISTD_H 1
| #define HAVE_SYS_TYPES_H 1
| #define HAVE_SYS_BITYPES_H 1
| #define HAVE_NETDB_H 1
| #define HAVE_CTYPE_H 1
| #define HAVE_U_INT32_T 1
| #define HAVE_U_INT16_T 1
| /* end confdefs.h.  */
| #include <stdio.h>
| #ifdef HAVE_SYS_TYPES_H
| # include <sys/types.h>
| #endif
| #ifdef HAVE_SYS_STAT_H
| # include <sys/stat.h>
| #endif
| #ifdef STDC_HEADERS
| # include <stdlib.h>
| # include <stddef.h>
| #else
| # ifdef HAVE_STDLIB_H
| #  include <stdlib.h>
| # endif
| #endif
| #ifdef HAVE_STRING_H
| # if !defined STDC_HEADERS && defined HAVE_MEMORY_H
| #  include <memory.h>
| # endif
| # include <string.h>
| #endif
| #ifdef HAVE_STRINGS_H
| # include <strings.h>
| #endif
| #ifdef HAVE_INTTYPES_H
| # include <inttypes.h>
| #endif
| #ifdef HAVE_STDINT_H
| # include <stdint.h>
| #endif
| #ifdef HAVE_UNISTD_H
| # include <unistd.h>
| #endif
| int
| main ()
| {
| if (sizeof ((u_int8_t)))
| 	    return 0;
|   ;
|   return 0;
| }
configure:12384: result: yes
configure:12390: checking for uint32_t
configure:12390: gcc -c -g -O2  conftest.c >&5
configure:12390: $? = 0
configure:12390: gcc -c -g -O2  conftest.c >&5
conftest.c: In function 'main':
conftest.c:68:23: error: expected expression before ')' token
 if (sizeof ((uint32_t)))
                       ^
configure:12390: $? = 1
configure: failed program was:
| /* confdefs.h */
| #define PACKAGE_NAME "sipcalc"
| #define PACKAGE_TARNAME "sipcalc-1.1.7"
| #define PACKAGE_VERSION "1.1.7"
| #define PACKAGE_STRING "sipcalc 1.1.7"
| #define PACKAGE_BUGREPORT "simon@routemeister.net"
| #define PACKAGE_URL "http://www.routemeister.net/projects/sipcalc/"
| #define STDC_HEADERS 1
| #define HAVE_SYS_TYPES_H 1
| #define HAVE_SYS_STAT_H 1
| #define HAVE_STDLIB_H 1
| #define HAVE_STRING_H 1
| #define HAVE_MEMORY_H 1
| #define HAVE_STRINGS_H 1
| #define HAVE_INTTYPES_H 1
| #define HAVE_STDINT_H 1
| #define HAVE_UNISTD_H 1
| #define HAVE_DLFCN_H 1
| #define LT_OBJDIR ".libs/"
| #define STDC_HEADERS 1
| #define HAVE_STDINT_H 1
| #define HAVE_SYS_IOCTL_H 1
| #define HAVE_UNISTD_H 1
| #define HAVE_SYS_TYPES_H 1
| #define HAVE_SYS_BITYPES_H 1
| #define HAVE_NETDB_H 1
| #define HAVE_CTYPE_H 1
| #define HAVE_U_INT32_T 1
| #define HAVE_U_INT16_T 1
| #define HAVE_U_INT8_T 1
| /* end confdefs.h.  */
| #include <stdio.h>
| #ifdef HAVE_SYS_TYPES_H
| # include <sys/types.h>
| #endif
| #ifdef HAVE_SYS_STAT_H
| # include <sys/stat.h>
| #endif
| #ifdef STDC_HEADERS
| # include <stdlib.h>
| # include <stddef.h>
| #else
| # ifdef HAVE_STDLIB_H
| #  include <stdlib.h>
| # endif
| #endif
| #ifdef HAVE_STRING_H
| # if !defined STDC_HEADERS && defined HAVE_MEMORY_H
| #  include <memory.h>
| # endif
| # include <string.h>
| #endif
| #ifdef HAVE_STRINGS_H
| # include <strings.h>
| #endif
| #ifdef HAVE_INTTYPES_H
| # include <inttypes.h>
| #endif
| #ifdef HAVE_STDINT_H
| # include <stdint.h>
| #endif
| #ifdef HAVE_UNISTD_H
| # include <unistd.h>
| #endif
| int
| main ()
| {
| if (sizeof ((uint32_t)))
| 	    return 0;
|   ;
|   return 0;
| }
configure:12390: result: yes
configure:12396: checking for uint16_t
configure:12396: gcc -c -g -O2  conftest.c >&5
configure:12396: $? = 0
configure:12396: gcc -c -g -O2  conftest.c >&5
conftest.c: In function 'main':
conftest.c:69:23: error: expected expression before ')' token
 if (sizeof ((uint16_t)))
                       ^
configure:12396: $? = 1
configure: failed program was:
| /* confdefs.h */
| #define PACKAGE_NAME "sipcalc"
| #define PACKAGE_TARNAME "sipcalc-1.1.7"
| #define PACKAGE_VERSION "1.1.7"
| #define PACKAGE_STRING "sipcalc 1.1.7"
| #define PACKAGE_BUGREPORT "simon@routemeister.net"
| #define PACKAGE_URL "http://www.routemeister.net/projects/sipcalc/"
| #define STDC_HEADERS 1
| #define HAVE_SYS_TYPES_H 1
| #define HAVE_SYS_STAT_H 1
| #define HAVE_STDLIB_H 1
| #define HAVE_STRING_H 1
| #define HAVE_MEMORY_H 1
| #define HAVE_STRINGS_H 1
| #define HAVE_INTTYPES_H 1
| #define HAVE_STDINT_H 1
| #define HAVE_UNISTD_H 1
| #define HAVE_DLFCN_H 1
| #define LT_OBJDIR ".libs/"
| #define STDC_HEADERS 1
| #define HAVE_STDINT_H 1
| #define HAVE_SYS_IOCTL_H 1
| #define HAVE_UNISTD_H 1
| #define HAVE_SYS_TYPES_H 1
| #define HAVE_SYS_BITYPES_H 1
| #define HAVE_NETDB_H 1
| #define HAVE_CTYPE_H 1
| #define HAVE_U_INT32_T 1
| #define HAVE_U_INT16_T 1
| #define HAVE_U_INT8_T 1
| #define HAVE_UINT32_T 1
| /* end confdefs.h.  */
| #include <stdio.h>
| #ifdef HAVE_SYS_TYPES_H
| # include <sys/types.h>
| #endif
| #ifdef HAVE_SYS_STAT_H
| # include <sys/stat.h>
| #endif
| #ifdef STDC_HEADERS
| # include <stdlib.h>
| # include <stddef.h>
| #else
| # ifdef HAVE_STDLIB_H
| #  include <stdlib.h>
| # endif
| #endif
| #ifdef HAVE_STRING_H
| # if !defined STDC_HEADERS && defined HAVE_MEMORY_H
| #  include <memory.h>
| # endif
| # include <string.h>
| #endif
| #ifdef HAVE_STRINGS_H
| # include <strings.h>
| #endif
| #ifdef HAVE_INTTYPES_H
| # include <inttypes.h>
| #endif
| #ifdef HAVE_STDINT_H
| # include <stdint.h>
| #endif
| #ifdef HAVE_UNISTD_H
| # include <unistd.h>
| #endif
| int
| main ()
| {
| if (sizeof ((uint16_t)))
| 	    return 0;
|   ;
|   return 0;
| }
configure:12396: result: yes
configure:12402: checking for uint8_t
configure:12402: gcc -c -g -O2  conftest.c >&5
configure:12402: $? = 0
configure:12402: gcc -c -g -O2  conftest.c >&5
conftest.c: In function 'main':
conftest.c:70:22: error: expected expression before ')' token
 if (sizeof ((uint8_t)))
                      ^
configure:12402: $? = 1
configure: failed program was:
| /* confdefs.h */
| #define PACKAGE_NAME "sipcalc"
| #define PACKAGE_TARNAME "sipcalc-1.1.7"
| #define PACKAGE_VERSION "1.1.7"
| #define PACKAGE_STRING "sipcalc 1.1.7"
| #define PACKAGE_BUGREPORT "simon@routemeister.net"
| #define PACKAGE_URL "http://www.routemeister.net/projects/sipcalc/"
| #define STDC_HEADERS 1
| #define HAVE_SYS_TYPES_H 1
| #define HAVE_SYS_STAT_H 1
| #define HAVE_STDLIB_H 1
| #define HAVE_STRING_H 1
| #define HAVE_MEMORY_H 1
| #define HAVE_STRINGS_H 1
| #define HAVE_INTTYPES_H 1
| #define HAVE_STDINT_H 1
| #define HAVE_UNISTD_H 1
| #define HAVE_DLFCN_H 1
| #define LT_OBJDIR ".libs/"
| #define STDC_HEADERS 1
| #define HAVE_STDINT_H 1
| #define HAVE_SYS_IOCTL_H 1
| #define HAVE_UNISTD_H 1
| #define HAVE_SYS_TYPES_H 1
| #define HAVE_SYS_BITYPES_H 1
| #define HAVE_NETDB_H 1
| #define HAVE_CTYPE_H 1
| #define HAVE_U_INT32_T 1
| #define HAVE_U_INT16_T 1
| #define HAVE_U_INT8_T 1
| #define HAVE_UINT32_T 1
| #define HAVE_UINT16_T 1
| /* end confdefs.h.  */
| #include <stdio.h>
| #ifdef HAVE_SYS_TYPES_H
| # include <sys/types.h>
| #endif
| #ifdef HAVE_SYS_STAT_H
| # include <sys/stat.h>
| #endif
| #ifdef STDC_HEADERS
| # include <stdlib.h>
| # include <stddef.h>
| #else
| # ifdef HAVE_STDLIB_H
| #  include <stdlib.h>
| # endif
| #endif
| #ifdef HAVE_STRING_H
| # if !defined STDC_HEADERS && defined HAVE_MEMORY_H
| #  include <memory.h>
| # endif
| # include <string.h>
| #endif
| #ifdef HAVE_STRINGS_H
| # include <strings.h>
| #endif
| #ifdef HAVE_INTTYPES_H
| # include <inttypes.h>
| #endif
| #ifdef HAVE_STDINT_H
| # include <stdint.h>
| #endif
| #ifdef HAVE_UNISTD_H
| # include <unistd.h>
| #endif
| int
| main ()
| {
| if (sizeof ((uint8_t)))
| 	    return 0;
|   ;
|   return 0;
| }
configure:12402: result: yes
configure:12437: checking for socket
configure:12437: gcc -o conftest -g -O2   conftest.c  >&5
configure:12437: $? = 0
configure:12437: result: yes
configure:12437: checking for strstr
configure:12437: gcc -o conftest -g -O2   conftest.c  >&5
conftest.c:59:6: warning: conflicting types for built-in function 'strstr' [enabled by default]
 char strstr ();
      ^
configure:12437: $? = 0
configure:12437: result: yes
configure:12437: checking for strtol
configure:12437: gcc -o conftest -g -O2   conftest.c  >&5
configure:12437: $? = 0
configure:12437: result: yes
configure:12437: checking for strtoul
configure:12437: gcc -o conftest -g -O2   conftest.c  >&5
configure:12437: $? = 0
configure:12437: result: yes
configure:12437: checking for gethostbyname
configure:12437: gcc -o conftest -g -O2   conftest.c  >&5
configure:12437: $? = 0
configure:12437: result: yes
configure:12437: checking for gethostbyname2
configure:12437: gcc -o conftest -g -O2   conftest.c  >&5
configure:12437: $? = 0
configure:12437: result: yes
configure:12437: checking for inet_ntop
configure:12437: gcc -o conftest -g -O2   conftest.c  >&5
configure:12437: $? = 0
configure:12437: result: yes
configure:12437: checking for getipnodebyaddr
configure:12437: gcc -o conftest -g -O2   conftest.c  >&5
/tmp/ccslmegG.o: In function `main':
/home/ulf/projects/InWido/poky-arm/meta-inwido/recipes-connectivity/sipcalc/build/sipcalc/conftest.c:76: undefined reference to `getipnodebyaddr'
collect2: error: ld returned 1 exit status
configure:12437: $? = 1
configure: failed program was:
| /* confdefs.h */
| #define PACKAGE_NAME "sipcalc"
| #define PACKAGE_TARNAME "sipcalc-1.1.7"
| #define PACKAGE_VERSION "1.1.7"
| #define PACKAGE_STRING "sipcalc 1.1.7"
| #define PACKAGE_BUGREPORT "simon@routemeister.net"
| #define PACKAGE_URL "http://www.routemeister.net/projects/sipcalc/"
| #define STDC_HEADERS 1
| #define HAVE_SYS_TYPES_H 1
| #define HAVE_SYS_STAT_H 1
| #define HAVE_STDLIB_H 1
| #define HAVE_STRING_H 1
| #define HAVE_MEMORY_H 1
| #define HAVE_STRINGS_H 1
| #define HAVE_INTTYPES_H 1
| #define HAVE_STDINT_H 1
| #define HAVE_UNISTD_H 1
| #define HAVE_DLFCN_H 1
| #define LT_OBJDIR ".libs/"
| #define STDC_HEADERS 1
| #define HAVE_STDINT_H 1
| #define HAVE_SYS_IOCTL_H 1
| #define HAVE_UNISTD_H 1
| #define HAVE_SYS_TYPES_H 1
| #define HAVE_SYS_BITYPES_H 1
| #define HAVE_NETDB_H 1
| #define HAVE_CTYPE_H 1
| #define HAVE_U_INT32_T 1
| #define HAVE_U_INT16_T 1
| #define HAVE_U_INT8_T 1
| #define HAVE_UINT32_T 1
| #define HAVE_UINT16_T 1
| #define HAVE_UINT8_T 1
| #define HAVE_SOCKET 1
| #define HAVE_STRSTR 1
| #define HAVE_STRTOL 1
| #define HAVE_STRTOUL 1
| #define HAVE_GETHOSTBYNAME 1
| #define HAVE_GETHOSTBYNAME2 1
| #define HAVE_INET_NTOP 1
| /* end confdefs.h.  */
| /* Define getipnodebyaddr to an innocuous variant, in case <limits.h> declares getipnodebyaddr.
|    For example, HP-UX 11i <limits.h> declares gettimeofday.  */
| #define getipnodebyaddr innocuous_getipnodebyaddr
| 
| /* System header to define __stub macros and hopefully few prototypes,
|     which can conflict with char getipnodebyaddr (); below.
|     Prefer <limits.h> to <assert.h> if __STDC__ is defined, since
|     <limits.h> exists even on freestanding compilers.  */
| 
| #ifdef __STDC__
| # include <limits.h>
| #else
| # include <assert.h>
| #endif
| 
| #undef getipnodebyaddr
| 
| /* Override any GCC internal prototype to avoid an error.
|    Use char because int might match the return type of a GCC
|    builtin and then its argument prototype would still apply.  */
| #ifdef __cplusplus
| extern "C"
| #endif
| char getipnodebyaddr ();
| /* The GNU C library defines this for functions which it implements
|     to always fail with ENOSYS.  Some functions are actually named
|     something starting with __ and the normal name is an alias.  */
| #if defined __stub_getipnodebyaddr || defined __stub___getipnodebyaddr
| choke me
| #endif
| 
| int
| main ()
| {
| return getipnodebyaddr ();
|   ;
|   return 0;
| }
configure:12437: result: no
configure:12437: checking for getaddrinfo
configure:12437: gcc -o conftest -g -O2   conftest.c  >&5
configure:12437: $? = 0
configure:12437: result: yes
configure:12449: checking getopt.h usability
configure:12449: gcc -c -g -O2  conftest.c >&5
configure:12449: $? = 0
configure:12449: result: yes
configure:12449: checking getopt.h presence
configure:12449: gcc -E  conftest.c
configure:12449: $? = 0
configure:12449: result: yes
configure:12449: checking for getopt.h
configure:12449: result: yes
configure:12463: checking for getopt_long
configure:12463: gcc -o conftest -g -O2   conftest.c  >&5
configure:12463: $? = 0
configure:12463: result: yes
configure:12482: checking for socket in -lsocket
configure:12507: gcc -o conftest -g -O2   conftest.c -lsocket   >&5
/usr/bin/ld: cannot find -lsocket
collect2: error: ld returned 1 exit status
configure:12507: $? = 1
configure: failed program was:
| /* confdefs.h */
| #define PACKAGE_NAME "sipcalc"
| #define PACKAGE_TARNAME "sipcalc-1.1.7"
| #define PACKAGE_VERSION "1.1.7"
| #define PACKAGE_STRING "sipcalc 1.1.7"
| #define PACKAGE_BUGREPORT "simon@routemeister.net"
| #define PACKAGE_URL "http://www.routemeister.net/projects/sipcalc/"
| #define STDC_HEADERS 1
| #define HAVE_SYS_TYPES_H 1
| #define HAVE_SYS_STAT_H 1
| #define HAVE_STDLIB_H 1
| #define HAVE_STRING_H 1
| #define HAVE_MEMORY_H 1
| #define HAVE_STRINGS_H 1
| #define HAVE_INTTYPES_H 1
| #define HAVE_STDINT_H 1
| #define HAVE_UNISTD_H 1
| #define HAVE_DLFCN_H 1
| #define LT_OBJDIR ".libs/"
| #define STDC_HEADERS 1
| #define HAVE_STDINT_H 1
| #define HAVE_SYS_IOCTL_H 1
| #define HAVE_UNISTD_H 1
| #define HAVE_SYS_TYPES_H 1
| #define HAVE_SYS_BITYPES_H 1
| #define HAVE_NETDB_H 1
| #define HAVE_CTYPE_H 1
| #define HAVE_U_INT32_T 1
| #define HAVE_U_INT16_T 1
| #define HAVE_U_INT8_T 1
| #define HAVE_UINT32_T 1
| #define HAVE_UINT16_T 1
| #define HAVE_UINT8_T 1
| #define HAVE_SOCKET 1
| #define HAVE_STRSTR 1
| #define HAVE_STRTOL 1
| #define HAVE_STRTOUL 1
| #define HAVE_GETHOSTBYNAME 1
| #define HAVE_GETHOSTBYNAME2 1
| #define HAVE_INET_NTOP 1
| #define HAVE_GETADDRINFO 1
| #define HAVE_GETOPT_H 1
| #define HAVE_GETOPT_H 1
| #define HAVE_GETOPT_LONG 1
| /* end confdefs.h.  */
| 
| /* Override any GCC internal prototype to avoid an error.
|    Use char because int might match the return type of a GCC
|    builtin and then its argument prototype would still apply.  */
| #ifdef __cplusplus
| extern "C"
| #endif
| char socket ();
| int
| main ()
| {
| return socket ();
|   ;
|   return 0;
| }
configure:12516: result: no
configure:12530: checking for gethostbyname in netdb.h
configure:12543: gcc -c -g -O2  conftest.c >&5
configure:12543: $? = 0
configure:12545: result: yes
configure:12558: checking for gethostbyname2 in netdb.h
configure:12571: gcc -c -g -O2  conftest.c >&5
conftest.c: In function 'main':
conftest.c:51:8: error: too many arguments to function 'gethostbyname'
 struct hostent *h; h=gethostbyname("127.0.0.1", AF_INET)
        ^
In file included from conftest.c:47:0:
/usr/include/netdb.h:144:24: note: declared here
 extern struct hostent *gethostbyname (const char *__name);
                        ^
configure:12571: $? = 1
configure: failed program was:
| /* confdefs.h */
| #define PACKAGE_NAME "sipcalc"
| #define PACKAGE_TARNAME "sipcalc-1.1.7"
| #define PACKAGE_VERSION "1.1.7"
| #define PACKAGE_STRING "sipcalc 1.1.7"
| #define PACKAGE_BUGREPORT "simon@routemeister.net"
| #define PACKAGE_URL "http://www.routemeister.net/projects/sipcalc/"
| #define STDC_HEADERS 1
| #define HAVE_SYS_TYPES_H 1
| #define HAVE_SYS_STAT_H 1
| #define HAVE_STDLIB_H 1
| #define HAVE_STRING_H 1
| #define HAVE_MEMORY_H 1
| #define HAVE_STRINGS_H 1
| #define HAVE_INTTYPES_H 1
| #define HAVE_STDINT_H 1
| #define HAVE_UNISTD_H 1
| #define HAVE_DLFCN_H 1
| #define LT_OBJDIR ".libs/"
| #define STDC_HEADERS 1
| #define HAVE_STDINT_H 1
| #define HAVE_SYS_IOCTL_H 1
| #define HAVE_UNISTD_H 1
| #define HAVE_SYS_TYPES_H 1
| #define HAVE_SYS_BITYPES_H 1
| #define HAVE_NETDB_H 1
| #define HAVE_CTYPE_H 1
| #define HAVE_U_INT32_T 1
| #define HAVE_U_INT16_T 1
| #define HAVE_U_INT8_T 1
| #define HAVE_UINT32_T 1
| #define HAVE_UINT16_T 1
| #define HAVE_UINT8_T 1
| #define HAVE_SOCKET 1
| #define HAVE_STRSTR 1
| #define HAVE_STRTOL 1
| #define HAVE_STRTOUL 1
| #define HAVE_GETHOSTBYNAME 1
| #define HAVE_GETHOSTBYNAME2 1
| #define HAVE_INET_NTOP 1
| #define HAVE_GETADDRINFO 1
| #define HAVE_GETOPT_H 1
| #define HAVE_GETOPT_H 1
| #define HAVE_GETOPT_LONG 1
| #define HAVE_GETHOSTBYNAME_NETDB 1
| /* end confdefs.h.  */
| #include <netdb.h>
| int
| main ()
| {
| struct hostent *h; h=gethostbyname("127.0.0.1", AF_INET)
|   ;
|   return 0;
| }
configure:12580: result: no
configure:12586: checking for getaddrinfo in netdb.h
configure:12601: gcc -c -g -O2  conftest.c >&5
conftest.c: In function 'main':
conftest.c:53:65: error: 'NULL' undeclared (first use in this function)
 struct addrinfo h; struct addrinfo *r; getaddrinfo("127.0.0.1", NULL, &h, &r)
                                                                 ^
conftest.c:53:65: note: each undeclared identifier is reported only once for each function it appears in
configure:12601: $? = 1
configure: failed program was:
| /* confdefs.h */
| #define PACKAGE_NAME "sipcalc"
| #define PACKAGE_TARNAME "sipcalc-1.1.7"
| #define PACKAGE_VERSION "1.1.7"
| #define PACKAGE_STRING "sipcalc 1.1.7"
| #define PACKAGE_BUGREPORT "simon@routemeister.net"
| #define PACKAGE_URL "http://www.routemeister.net/projects/sipcalc/"
| #define STDC_HEADERS 1
| #define HAVE_SYS_TYPES_H 1
| #define HAVE_SYS_STAT_H 1
| #define HAVE_STDLIB_H 1
| #define HAVE_STRING_H 1
| #define HAVE_MEMORY_H 1
| #define HAVE_STRINGS_H 1
| #define HAVE_INTTYPES_H 1
| #define HAVE_STDINT_H 1
| #define HAVE_UNISTD_H 1
| #define HAVE_DLFCN_H 1
| #define LT_OBJDIR ".libs/"
| #define STDC_HEADERS 1
| #define HAVE_STDINT_H 1
| #define HAVE_SYS_IOCTL_H 1
| #define HAVE_UNISTD_H 1
| #define HAVE_SYS_TYPES_H 1
| #define HAVE_SYS_BITYPES_H 1
| #define HAVE_NETDB_H 1
| #define HAVE_CTYPE_H 1
| #define HAVE_U_INT32_T 1
| #define HAVE_U_INT16_T 1
| #define HAVE_U_INT8_T 1
| #define HAVE_UINT32_T 1
| #define HAVE_UINT16_T 1
| #define HAVE_UINT8_T 1
| #define HAVE_SOCKET 1
| #define HAVE_STRSTR 1
| #define HAVE_STRTOL 1
| #define HAVE_STRTOUL 1
| #define HAVE_GETHOSTBYNAME 1
| #define HAVE_GETHOSTBYNAME2 1
| #define HAVE_INET_NTOP 1
| #define HAVE_GETADDRINFO 1
| #define HAVE_GETOPT_H 1
| #define HAVE_GETOPT_H 1
| #define HAVE_GETOPT_LONG 1
| #define HAVE_GETHOSTBYNAME_NETDB 1
| /* end confdefs.h.  */
| 
|   #include <netdb.h>
| 
| int
| main ()
| {
| struct addrinfo h; struct addrinfo *r; getaddrinfo("127.0.0.1", NULL, &h, &r)
|   ;
|   return 0;
| }
configure:12610: result: no
configure:12616: checking if struct sockaddr has sa_len field
configure:12618: checking for struct sockaddr.sa_len
configure:12618: gcc -c -g -O2  conftest.c >&5
conftest.c: In function 'main':
conftest.c:56:12: error: 'struct sockaddr' has no member named 'sa_len'
 if (ac_aggr.sa_len)
            ^
configure:12618: $? = 1
configure: failed program was:
| /* confdefs.h */
| #define PACKAGE_NAME "sipcalc"
| #define PACKAGE_TARNAME "sipcalc-1.1.7"
| #define PACKAGE_VERSION "1.1.7"
| #define PACKAGE_STRING "sipcalc 1.1.7"
| #define PACKAGE_BUGREPORT "simon@routemeister.net"
| #define PACKAGE_URL "http://www.routemeister.net/projects/sipcalc/"
| #define STDC_HEADERS 1
| #define HAVE_SYS_TYPES_H 1
| #define HAVE_SYS_STAT_H 1
| #define HAVE_STDLIB_H 1
| #define HAVE_STRING_H 1
| #define HAVE_MEMORY_H 1
| #define HAVE_STRINGS_H 1
| #define HAVE_INTTYPES_H 1
| #define HAVE_STDINT_H 1
| #define HAVE_UNISTD_H 1
| #define HAVE_DLFCN_H 1
| #define LT_OBJDIR ".libs/"
| #define STDC_HEADERS 1
| #define HAVE_STDINT_H 1
| #define HAVE_SYS_IOCTL_H 1
| #define HAVE_UNISTD_H 1
| #define HAVE_SYS_TYPES_H 1
| #define HAVE_SYS_BITYPES_H 1
| #define HAVE_NETDB_H 1
| #define HAVE_CTYPE_H 1
| #define HAVE_U_INT32_T 1
| #define HAVE_U_INT16_T 1
| #define HAVE_U_INT8_T 1
| #define HAVE_UINT32_T 1
| #define HAVE_UINT16_T 1
| #define HAVE_UINT8_T 1
| #define HAVE_SOCKET 1
| #define HAVE_STRSTR 1
| #define HAVE_STRTOL 1
| #define HAVE_STRTOUL 1
| #define HAVE_GETHOSTBYNAME 1
| #define HAVE_GETHOSTBYNAME2 1
| #define HAVE_INET_NTOP 1
| #define HAVE_GETADDRINFO 1
| #define HAVE_GETOPT_H 1
| #define HAVE_GETOPT_H 1
| #define HAVE_GETOPT_LONG 1
| #define HAVE_GETHOSTBYNAME_NETDB 1
| /* end confdefs.h.  */
| #ifdef HAVE_SYS_TYPES_H
|                  #include <sys/types.h>
|                  #endif
| #include <sys/socket.h>
| 
| int
| main ()
| {
| static struct sockaddr ac_aggr;
| if (ac_aggr.sa_len)
| return 0;
|   ;
|   return 0;
| }
configure:12618: gcc -c -g -O2  conftest.c >&5
conftest.c: In function 'main':
conftest.c:56:19: error: 'struct sockaddr' has no member named 'sa_len'
 if (sizeof ac_aggr.sa_len)
                   ^
configure:12618: $? = 1
configure: failed program was:
| /* confdefs.h */
| #define PACKAGE_NAME "sipcalc"
| #define PACKAGE_TARNAME "sipcalc-1.1.7"
| #define PACKAGE_VERSION "1.1.7"
| #define PACKAGE_STRING "sipcalc 1.1.7"
| #define PACKAGE_BUGREPORT "simon@routemeister.net"
| #define PACKAGE_URL "http://www.routemeister.net/projects/sipcalc/"
| #define STDC_HEADERS 1
| #define HAVE_SYS_TYPES_H 1
| #define HAVE_SYS_STAT_H 1
| #define HAVE_STDLIB_H 1
| #define HAVE_STRING_H 1
| #define HAVE_MEMORY_H 1
| #define HAVE_STRINGS_H 1
| #define HAVE_INTTYPES_H 1
| #define HAVE_STDINT_H 1
| #define HAVE_UNISTD_H 1
| #define HAVE_DLFCN_H 1
| #define LT_OBJDIR ".libs/"
| #define STDC_HEADERS 1
| #define HAVE_STDINT_H 1
| #define HAVE_SYS_IOCTL_H 1
| #define HAVE_UNISTD_H 1
| #define HAVE_SYS_TYPES_H 1
| #define HAVE_SYS_BITYPES_H 1
| #define HAVE_NETDB_H 1
| #define HAVE_CTYPE_H 1
| #define HAVE_U_INT32_T 1
| #define HAVE_U_INT16_T 1
| #define HAVE_U_INT8_T 1
| #define HAVE_UINT32_T 1
| #define HAVE_UINT16_T 1
| #define HAVE_UINT8_T 1
| #define HAVE_SOCKET 1
| #define HAVE_STRSTR 1
| #define HAVE_STRTOL 1
| #define HAVE_STRTOUL 1
| #define HAVE_GETHOSTBYNAME 1
| #define HAVE_GETHOSTBYNAME2 1
| #define HAVE_INET_NTOP 1
| #define HAVE_GETADDRINFO 1
| #define HAVE_GETOPT_H 1
| #define HAVE_GETOPT_H 1
| #define HAVE_GETOPT_LONG 1
| #define HAVE_GETHOSTBYNAME_NETDB 1
| /* end confdefs.h.  */
| #ifdef HAVE_SYS_TYPES_H
|                  #include <sys/types.h>
|                  #endif
| #include <sys/socket.h>
| 
| int
| main ()
| {
| static struct sockaddr ac_aggr;
| if (sizeof ac_aggr.sa_len)
| return 0;
|   ;
|   return 0;
| }
configure:12618: result: no
configure:12742: checking that generated files are newer than configure
configure:12748: result: done
configure:12771: creating ./config.status

## ---------------------- ##
## Running config.status. ##
## ---------------------- ##

This file was extended by sipcalc config.status 1.1.7, which was
generated by GNU Autoconf 2.69.  Invocation command line was

  CONFIG_FILES    = 
  CONFIG_HEADERS  = 
  CONFIG_LINKS    = 
  CONFIG_COMMANDS = 
  $ ./config.status 

on thranduil

config.status:1111: creating Makefile
config.status:1111: creating config.h
config.status:1340: executing libtool commands
config.status:1340: executing depfiles commands

## ---------------- ##
## Cache variables. ##
## ---------------- ##

ac_cv_build=x86_64-unknown-linux-gnu
ac_cv_c_compiler_gnu=yes
ac_cv_env_CC_set=
ac_cv_env_CC_value=
ac_cv_env_CFLAGS_set=
ac_cv_env_CFLAGS_value=
ac_cv_env_CPPFLAGS_set=
ac_cv_env_CPPFLAGS_value=
ac_cv_env_CPP_set=
ac_cv_env_CPP_value=
ac_cv_env_LDFLAGS_set=
ac_cv_env_LDFLAGS_value=
ac_cv_env_LIBS_set=
ac_cv_env_LIBS_value=
ac_cv_env_build_alias_set=
ac_cv_env_build_alias_value=
ac_cv_env_host_alias_set=
ac_cv_env_host_alias_value=
ac_cv_env_target_alias_set=
ac_cv_env_target_alias_value=
ac_cv_func_getaddrinfo=yes
ac_cv_func_gethostbyname2=yes
ac_cv_func_gethostbyname=yes
ac_cv_func_getipnodebyaddr=no
ac_cv_func_getopt_long=yes
ac_cv_func_inet_ntop=yes
ac_cv_func_socket=yes
ac_cv_func_strstr=yes
ac_cv_func_strtol=yes
ac_cv_func_strtoul=yes
ac_cv_header_ctype_h=yes
ac_cv_header_dlfcn_h=yes
ac_cv_header_getopt_h=yes
ac_cv_header_inttypes_h=yes
ac_cv_header_memory_h=yes
ac_cv_header_netdb_h=yes
ac_cv_header_stdc=yes
ac_cv_header_stdint_h=yes
ac_cv_header_stdlib_h=yes
ac_cv_header_string_h=yes
ac_cv_header_strings_h=yes
ac_cv_header_sys_bitypes_h=yes
ac_cv_header_sys_ioctl_h=yes
ac_cv_header_sys_sockio_h=no
ac_cv_header_sys_stat_h=yes
ac_cv_header_sys_types_h=yes
ac_cv_header_unistd_h=yes
ac_cv_host=x86_64-unknown-linux-gnu
ac_cv_lib_socket_socket=no
ac_cv_member_struct_sockaddr_sa_len=no
ac_cv_objext=o
ac_cv_path_EGREP='/bin/grep -E'
ac_cv_path_FGREP='/bin/grep -F'
ac_cv_path_GREP=/bin/grep
ac_cv_path_SED=/bin/sed
ac_cv_path_install='/usr/bin/install -c'
ac_cv_path_mkdir=/bin/mkdir
ac_cv_prog_AWK=gawk
ac_cv_prog_CPP='gcc -E'
ac_cv_prog_ac_ct_AR=ar
ac_cv_prog_ac_ct_CC=gcc
ac_cv_prog_ac_ct_MANIFEST_TOOL=mt
ac_cv_prog_ac_ct_OBJDUMP=objdump
ac_cv_prog_ac_ct_RANLIB=ranlib
ac_cv_prog_ac_ct_STRIP=strip
ac_cv_prog_cc_c89=
ac_cv_prog_cc_g=yes
ac_cv_prog_gcc_traditional=no
ac_cv_prog_make_make_set=yes
ac_cv_type_u_int16_t=yes
ac_cv_type_u_int32_t=yes
ac_cv_type_u_int8_t=yes
ac_cv_type_uint16_t=yes
ac_cv_type_uint32_t=yes
ac_cv_type_uint8_t=yes
am_cv_CC_dependencies_compiler_type=gcc3
am_cv_make_support_nested_variables=yes
am_cv_prog_cc_c_o=yes
lt_cv_ar_at_file=@
lt_cv_archive_cmds_need_lc=no
lt_cv_deplibs_check_method=pass_all
lt_cv_file_magic_cmd='$MAGIC_CMD'
lt_cv_file_magic_test_file=
lt_cv_ld_reload_flag=-r
lt_cv_nm_interface='BSD nm'
lt_cv_objdir=.libs
lt_cv_path_LD=/usr/bin/ld
lt_cv_path_NM='/usr/bin/nm -B'
lt_cv_path_mainfest_tool=no
lt_cv_prog_compiler_c_o=yes
lt_cv_prog_compiler_pic='-fPIC -DPIC'
lt_cv_prog_compiler_pic_works=yes
lt_cv_prog_compiler_rtti_exceptions=no
lt_cv_prog_compiler_static_works=yes
lt_cv_prog_gnu_ld=yes
lt_cv_sharedlib_from_linklib_cmd='printf %s\n'
lt_cv_shlibpath_overrides_runpath=no
lt_cv_sys_global_symbol_pipe='sed -n -e '\''s/^.*[	 ]\([ABCDGIRSTW][ABCDGIRSTW]*\)[	 ][	 ]*\([_A-Za-z][_A-Za-z0-9]*\)$/\1 \2 \2/p'\'' | sed '\''/ __gnu_lto/d'\'''
lt_cv_sys_global_symbol_to_c_name_address='sed -n -e '\''s/^: \([^ ]*\)[ ]*$/  {\"\1\", (void *) 0},/p'\'' -e '\''s/^[ABCDGIRSTW]* \([^ ]*\) \([^ ]*\)$/  {"\2", (void *) \&\2},/p'\'''
lt_cv_sys_global_symbol_to_c_name_address_lib_prefix='sed -n -e '\''s/^: \([^ ]*\)[ ]*$/  {\"\1\", (void *) 0},/p'\'' -e '\''s/^[ABCDGIRSTW]* \([^ ]*\) \(lib[^ ]*\)$/  {"\2", (void *) \&\2},/p'\'' -e '\''s/^[ABCDGIRSTW]* \([^ ]*\) \([^ ]*\)$/  {"lib\2", (void *) \&\2},/p'\'''
lt_cv_sys_global_symbol_to_cdecl='sed -n -e '\''s/^T .* \(.*\)$/extern int \1();/p'\'' -e '\''s/^[ABCDGIRSTW]* .* \(.*\)$/extern char \1;/p'\'''
lt_cv_sys_max_cmd_len=1572864
lt_cv_to_host_file_cmd=func_convert_file_noop
lt_cv_to_tool_file_cmd=func_convert_file_noop

## ----------------- ##
## Output variables. ##
## ----------------- ##

ACLOCAL='${SHELL} /home/ulf/projects/InWido/poky-arm/meta-inwido/recipes-connectivity/sipcalc/build/sipcalc/missing aclocal-1.14'
AMDEPBACKSLASH='\'
AMDEP_FALSE='#'
AMDEP_TRUE=''
AMTAR='$${TAR-tar}'
AM_BACKSLASH='\'
AM_CFLAGS=''
AM_DEFAULT_V='$(AM_DEFAULT_VERBOSITY)'
AM_DEFAULT_VERBOSITY='1'
AM_LDFLAGS=''
AM_V='$(V)'
AR='ar'
AUTOCONF='${SHELL} /home/ulf/projects/InWido/poky-arm/meta-inwido/recipes-connectivity/sipcalc/build/sipcalc/missing autoconf'
AUTOHEADER='${SHELL} /home/ulf/projects/InWido/poky-arm/meta-inwido/recipes-connectivity/sipcalc/build/sipcalc/missing autoheader'
AUTOMAKE='${SHELL} /home/ulf/projects/InWido/poky-arm/meta-inwido/recipes-connectivity/sipcalc/build/sipcalc/missing automake-1.14'
AWK='gawk'
CC='gcc'
CCDEPMODE='depmode=gcc3'
CFLAGS='-g -O2'
CPP='gcc -E'
CPPFLAGS=''
CYGPATH_W='echo'
DEFS='-DHAVE_CONFIG_H'
DEPDIR='.deps'
DLLTOOL='false'
DSYMUTIL=''
DUMPBIN=''
ECHO_C=''
ECHO_N='-n'
ECHO_T=''
EGREP='/bin/grep -E'
EXEEXT=''
FGREP='/bin/grep -F'
GREP='/bin/grep'
INSTALL_DATA='${INSTALL} -m 644'
INSTALL_PROGRAM='${INSTALL}'
INSTALL_SCRIPT='${INSTALL}'
INSTALL_STRIP_PROGRAM='$(install_sh) -c -s'
LD='/usr/bin/ld -m elf_x86_64'
LDFLAGS=''
LIBNSL_CFLAGS='-I/usr/local/include'
LIBNSL_LIBS='-L/usr/local/include -lnsl '
LIBOBJS=''
LIBS=''
LIBTOOL='$(SHELL) $(top_builddir)/libtool'
LIPO=''
LN_S='ln -s'
LTLIBOBJS=''
MAKEINFO='${SHELL} /home/ulf/projects/InWido/poky-arm/meta-inwido/recipes-connectivity/sipcalc/build/sipcalc/missing makeinfo'
MANIFEST_TOOL=':'
MKDIR_P='/bin/mkdir -p'
NM='/usr/bin/nm -B'
NMEDIT=''
OBJDUMP='objdump'
OBJEXT='o'
OTOOL64=''
OTOOL=''
PACKAGE='sipcalc-1.1.7'
PACKAGE_BUGREPORT='simon@routemeister.net'
PACKAGE_NAME='sipcalc'
PACKAGE_STRING='sipcalc 1.1.7'
PACKAGE_TARNAME='sipcalc-1.1.7'
PACKAGE_URL='http://www.routemeister.net/projects/sipcalc/'
PACKAGE_VERSION='1.1.7'
PATH_SEPARATOR=':'
RANLIB='ranlib'
SED='/bin/sed'
SET_MAKE=''
SHELL='/bin/sh'
STRIP='strip'
VERSION='1.1.7'
ac_ct_AR='ar'
ac_ct_CC='gcc'
ac_ct_DUMPBIN=''
am__EXEEXT_FALSE=''
am__EXEEXT_TRUE='#'
am__fastdepCC_FALSE='#'
am__fastdepCC_TRUE=''
am__include='include'
am__isrc=''
am__leading_dot='.'
am__nodep='_no'
am__quote=''
am__tar='$${TAR-tar} chof - "$$tardir"'
am__untar='$${TAR-tar} xf -'
bindir='${exec_prefix}/bin'
build='x86_64-unknown-linux-gnu'
build_alias=''
build_cpu='x86_64'
build_os='linux-gnu'
build_vendor='unknown'
datadir='${datarootdir}'
datarootdir='${prefix}/share'
docdir='${datarootdir}/doc/${PACKAGE_TARNAME}'
dvidir='${docdir}'
enable_shared='yes'
enable_static='yes'
exec_prefix='${prefix}'
host='x86_64-unknown-linux-gnu'
host_alias=''
host_cpu='x86_64'
host_os='linux-gnu'
host_vendor='unknown'
htmldir='${docdir}'
includedir='${prefix}/include'
infodir='${datarootdir}/info'
install_sh='${SHELL} /home/ulf/projects/InWido/poky-arm/meta-inwido/recipes-connectivity/sipcalc/build/sipcalc/install-sh'
libdir='${exec_prefix}/lib'
libexecdir='${exec_prefix}/libexec'
localedir='${datarootdir}/locale'
localstatedir='${prefix}/var'
mandir='${datarootdir}/man'
mkdir_p='$(MKDIR_P)'
oldincludedir='/usr/include'
pdfdir='${docdir}'
prefix='/usr/local/sipcalc'
program_transform_name='s,x,x,'
psdir='${docdir}'
sbindir='${exec_prefix}/sbin'
sharedstatedir='${prefix}/com'
sysconfdir='${prefix}/etc'
target_alias=''

## ----------- ##
## confdefs.h. ##
## ----------- ##

/* confdefs.h */
#define PACKAGE_NAME "sipcalc"
#define PACKAGE_TARNAME "sipcalc-1.1.7"
#define PACKAGE_VERSION "1.1.7"
#define PACKAGE_STRING "sipcalc 1.1.7"
#define PACKAGE_BUGREPORT "simon@routemeister.net"
#define PACKAGE_URL "http://www.routemeister.net/projects/sipcalc/"
#define STDC_HEADERS 1
#define HAVE_SYS_TYPES_H 1
#define HAVE_SYS_STAT_H 1
#define HAVE_STDLIB_H 1
#define HAVE_STRING_H 1
#define HAVE_MEMORY_H 1
#define HAVE_STRINGS_H 1
#define HAVE_INTTYPES_H 1
#define HAVE_STDINT_H 1
#define HAVE_UNISTD_H 1
#define HAVE_DLFCN_H 1
#define LT_OBJDIR ".libs/"
#define STDC_HEADERS 1
#define HAVE_STDINT_H 1
#define HAVE_SYS_IOCTL_H 1
#define HAVE_UNISTD_H 1
#define HAVE_SYS_TYPES_H 1
#define HAVE_SYS_BITYPES_H 1
#define HAVE_NETDB_H 1
#define HAVE_CTYPE_H 1
#define HAVE_U_INT32_T 1
#define HAVE_U_INT16_T 1
#define HAVE_U_INT8_T 1
#define HAVE_UINT32_T 1
#define HAVE_UINT16_T 1
#define HAVE_UINT8_T 1
#define HAVE_SOCKET 1
#define HAVE_STRSTR 1
#define HAVE_STRTOL 1
#define HAVE_STRTOUL 1
#define HAVE_GETHOSTBYNAME 1
#define HAVE_GETHOSTBYNAME2 1
#define HAVE_INET_NTOP 1
#define HAVE_GETADDRINFO 1
#define HAVE_GETOPT_H 1
#define HAVE_GETOPT_H 1
#define HAVE_GETOPT_LONG 1
#define HAVE_GETHOSTBYNAME_NETDB 1

configure: exit 0
